[11/May/2026 20:34:39] "GET / HTTP/1.1" 200 836
[11/May/2026 20:34:40,108] - Broken pipe from ('127.0.0.1', 61381)
[11/May/2026 22:17:26] "GET / HTTP/1.1" 200 836
[11/May/2026 22:17:27] "GET /static/css/orgsys.css HTTP/1.1" 200 10201
[11/May/2026 22:17:34] "GET / HTTP/1.1" 200 836
[11/May/2026 22:17:34] "GET /static/css/orgsys.css HTTP/1.1" 200 10201
Not Found: /favicon.ico
[11/May/2026 22:17:35] "GET /favicon.ico HTTP/1.1" 404 7423
[11/May/2026 22:17:36] "GET /login/ HTTP/1.1" 200 1429
[11/May/2026 22:17:50] "POST /login/ HTTP/1.1" 302 0
[11/May/2026 22:17:50] "GET /dashboard/ HTTP/1.1" 302 0
[11/May/2026 22:17:50] "GET /admin-dashboard/ HTTP/1.1" 200 2616
[11/May/2026 22:17:53] "GET / HTTP/1.1" 200 824
[11/May/2026 22:17:54] "GET /admin-dashboard/ HTTP/1.1" 200 2616
[11/May/2026 22:18:24] "POST /admin-dashboard/ HTTP/1.1" 302 0
[11/May/2026 22:18:24] "GET /admin-dashboard/ HTTP/1.1" 200 2733
[11/May/2026 22:18:34] "POST /admin-dashboard/ HTTP/1.1" 302 0
[11/May/2026 22:18:34] "GET /admin-dashboard/ HTTP/1.1" 200 2929
[11/May/2026 22:18:45] "POST /admin-dashboard/ HTTP/1.1" 302 0
[11/May/2026 22:18:45] "GET /admin-dashboard/ HTTP/1.1" 200 3123
[11/May/2026 22:18:52] "POST /admin-dashboard/ HTTP/1.1" 302 0
[11/May/2026 22:18:52] "GET /admin-dashboard/ HTTP/1.1" 200 3323
[11/May/2026 22:18:55] "POST /logout/ HTTP/1.1" 302 0
[11/May/2026 22:18:55] "GET /login/ HTTP/1.1" 200 1429
[11/May/2026 22:19:02] "GET /register/ HTTP/1.1" 200 4293
[11/May/2026 22:19:36] "POST /register/ HTTP/1.1" 302 0
[11/May/2026 22:19:36] "GET /login/ HTTP/1.1" 200 1429
[11/May/2026 22:19:47] "POST /login/ HTTP/1.1" 302 0
[11/May/2026 22:19:47] "GET /dashboard/ HTTP/1.1" 302 0
[11/May/2026 22:19:48] "GET /adviser-dashboard/ HTTP/1.1" 200 3632
[11/May/2026 22:19:51] "GET /adviser-dashboard/documents/4/edit/ HTTP/1.1" 200 3953
[11/May/2026 22:19:51] "GET /adviser-dashboard/documents/4/view/ HTTP/1.1" 200 244593
[11/May/2026 22:19:53] "GET /adviser-dashboard/documents/4/view/ HTTP/1.1" 200 244593
[11/May/2026 22:20:04] "POST /adviser-dashboard/documents/4/edit/ HTTP/1.1" 302 0
[11/May/2026 22:20:04] "GET /adviser-dashboard/ HTTP/1.1" 200 4043
[11/May/2026 22:20:07] "POST /adviser-dashboard/documents/4/forward/ HTTP/1.1" 302 0
[11/May/2026 22:20:07] "GET /adviser-dashboard/ HTTP/1.1" 200 3681
[11/May/2026 22:20:14] "POST /logout/ HTTP/1.1" 302 0
[11/May/2026 22:20:14] "GET /login/ HTTP/1.1" 200 1429
[11/May/2026 22:20:28] "POST /login/ HTTP/1.1" 200 1586
[11/May/2026 22:20:38] "POST /login/ HTTP/1.1" 302 0
[11/May/2026 22:20:38] "GET /dashboard/ HTTP/1.1" 302 0
[11/May/2026 22:20:38] "GET /admin-dashboard/ HTTP/1.1" 200 5599
[11/May/2026 22:21:26] "POST /logout/ HTTP/1.1" 302 0
[11/May/2026 22:21:26] "GET /login/ HTTP/1.1" 200 1429
[11/May/2026 22:21:36] "POST /login/ HTTP/1.1" 200 1586
[11/May/2026 22:21:45] "POST /login/ HTTP/1.1" 302 0
[11/May/2026 22:21:45] "GET /dashboard/ HTTP/1.1" 200 4819
